2026-03-14 04:15:19,669 [INFO] Reading CSV: Price Benchmarking - Top 300 April 2025 - Public Website Prices.csv
2026-03-14 04:15:19,672 [INFO] Limiting to first 3 products for testing
2026-03-14 04:15:19,673 [INFO] Scraper ready: dmi_ie
2026-03-14 04:15:19,673 [INFO] Scraper ready: dentalsky
2026-03-14 04:15:19,673 [INFO] Scraper ready: dontalia
2026-03-14 04:15:19,673 [INFO] [1/3] 400060 — Six Month Smiles Lucid-Lok Lo Universal 1/2 Bracket - Each
2026-03-14 04:15:21,913 [WARNING] [dmi.ie] HTTP ? for https://www.dmi.ie/search/suggest.json (attempt 1)
2026-03-14 04:15:28,665 [WARNING] [dmi.ie] HTTP ? for https://www.dmi.ie/search/suggest.json (attempt 2)
2026-03-14 04:15:40,442 [WARNING] [dmi.ie] HTTP ? for https://www.dmi.ie/search/suggest.json (attempt 3)
2026-03-14 04:15:44,950 [WARNING] [dmi.ie] HTTP ? for https://www.dmi.ie/search/suggest.json (attempt 1)
2026-03-14 04:15:51,705 [WARNING] [dmi.ie] HTTP ? for https://www.dmi.ie/search/suggest.json (attempt 2)
2026-03-14 04:16:03,438 [WARNING] [dmi.ie] HTTP ? for https://www.dmi.ie/search/suggest.json (attempt 3)
2026-03-14 04:16:06,143 [WARNING] [dmi.ie] HTTP ? for https://www.dmi.ie/search/suggest.json (attempt 1)
2026-03-14 04:16:12,902 [WARNING] [dmi.ie] HTTP ? for https://www.dmi.ie/search/suggest.json (attempt 2)
2026-03-14 04:16:24,782 [WARNING] [dmi.ie] HTTP ? for https://www.dmi.ie/search/suggest.json (attempt 3)
2026-03-14 04:16:27,131 [WARNING] [dmi.ie] HTTP ? for https://www.dmi.ie/search/suggest.json (attempt 1)
2026-03-14 04:16:33,994 [WARNING] [dmi.ie] HTTP ? for https://www.dmi.ie/search/suggest.json (attempt 2)
2026-03-14 04:16:45,848 [WARNING] [dmi.ie] HTTP ? for https://www.dmi.ie/search/suggest.json (attempt 3)
2026-03-14 04:16:45,848 [INFO]   [dmi_ie] ✗ Not found
2026-03-14 04:16:59,590 [INFO]   [dentalsky] ✗ Not found
2026-03-14 04:17:03,496 [WARNING] [dontalia.com] HTTP ? for https://www.dontalia.com/search/?q=20311 (attempt 1)
2026-03-14 04:17:09,831 [WARNING] [dontalia.com] HTTP ? for https://www.dontalia.com/search/?q=20311 (attempt 2)
2026-03-14 04:17:21,143 [WARNING] [dontalia.com] HTTP ? for https://www.dontalia.com/search/?q=20311 (attempt 3)
2026-03-14 04:17:27,955 [WARNING] [dontalia.com] HTTP ? for https://www.dontalia.com/search/?q=Six+Month+Smiles+20311 (attempt 1)
2026-03-14 04:17:34,230 [WARNING] [dontalia.com] HTTP ? for https://www.dontalia.com/search/?q=Six+Month+Smiles+20311 (attempt 2)
2026-03-14 04:17:45,570 [WARNING] [dontalia.com] HTTP ? for https://www.dontalia.com/search/?q=Six+Month+Smiles+20311 (attempt 3)
2026-03-14 04:17:50,919 [WARNING] [dontalia.com] HTTP ? for https://www.dontalia.com/search/?q=Six+Month+Smiles+Lucid-Lok+Lo+Universal+1%2F2+Bracket+- (attempt 1)
2026-03-14 04:17:57,191 [WARNING] [dontalia.com] HTTP ? for https://www.dontalia.com/search/?q=Six+Month+Smiles+Lucid-Lok+Lo+Universal+1%2F2+Bracket+- (attempt 2)
2026-03-14 04:18:08,482 [WARNING] [dontalia.com] HTTP ? for https://www.dontalia.com/search/?q=Six+Month+Smiles+Lucid-Lok+Lo+Universal+1%2F2+Bracket+- (attempt 3)
2026-03-14 04:18:15,779 [WARNING] [dontalia.com] HTTP ? for https://www.dontalia.com/search/?q=Six+Month+Smiles+Six+Month+Smiles+Lucid-Lok+Lo+Universal (attempt 1)
2026-03-14 04:18:22,052 [WARNING] [dontalia.com] HTTP ? for https://www.dontalia.com/search/?q=Six+Month+Smiles+Six+Month+Smiles+Lucid-Lok+Lo+Universal (attempt 2)
2026-03-14 04:18:33,395 [WARNING] [dontalia.com] HTTP ? for https://www.dontalia.com/search/?q=Six+Month+Smiles+Six+Month+Smiles+Lucid-Lok+Lo+Universal (attempt 3)
2026-03-14 04:18:33,395 [INFO]   [dontalia] ✗ Not found
2026-03-14 04:18:33,396 [INFO] [2/3] 400063 — Six Month Smiles Lucid-Lok Universal 4/5 Bracket w/Hook
2026-03-14 04:18:35,440 [WARNING] [dmi.ie] HTTP ? for https://www.dmi.ie/search/suggest.json (attempt 1)
2026-03-14 04:18:42,299 [WARNING] [dmi.ie] HTTP ? for https://www.dmi.ie/search/suggest.json (attempt 2)
2026-03-14 04:18:54,078 [WARNING] [dmi.ie] HTTP ? for https://www.dmi.ie/search/suggest.json (attempt 3)
2026-03-14 04:18:58,376 [WARNING] [dmi.ie] HTTP ? for https://www.dmi.ie/search/suggest.json (attempt 1)
2026-03-14 04:19:05,101 [WARNING] [dmi.ie] HTTP ? for https://www.dmi.ie/search/suggest.json (attempt 2)
2026-03-14 04:19:16,912 [WARNING] [dmi.ie] HTTP ? for https://www.dmi.ie/search/suggest.json (attempt 3)
2026-03-14 04:19:18,752 [WARNING] [dmi.ie] HTTP ? for https://www.dmi.ie/search/suggest.json (attempt 1)
2026-03-14 04:19:25,410 [WARNING] [dmi.ie] HTTP ? for https://www.dmi.ie/search/suggest.json (attempt 2)
2026-03-14 04:19:37,304 [WARNING] [dmi.ie] HTTP ? for https://www.dmi.ie/search/suggest.json (attempt 3)
2026-03-14 04:19:41,504 [WARNING] [dmi.ie] HTTP ? for https://www.dmi.ie/search/suggest.json (attempt 1)
2026-03-14 04:19:48,254 [WARNING] [dmi.ie] HTTP ? for https://www.dmi.ie/search/suggest.json (attempt 2)
2026-03-14 04:20:00,026 [WARNING] [dmi.ie] HTTP ? for https://www.dmi.ie/search/suggest.json (attempt 3)
2026-03-14 04:20:00,026 [INFO]   [dmi_ie] ✗ Not found
2026-03-14 04:20:11,625 [INFO]   [dentalsky] ✗ Not found
2026-03-14 04:20:17,668 [WARNING] [dontalia.com] HTTP ? for https://www.dontalia.com/search/?q=20321 (attempt 1)
2026-03-14 04:20:24,086 [WARNING] [dontalia.com] HTTP ? for https://www.dontalia.com/search/?q=20321 (attempt 2)
2026-03-14 04:20:35,405 [WARNING] [dontalia.com] HTTP ? for https://www.dontalia.com/search/?q=20321 (attempt 3)
2026-03-14 04:20:41,075 [WARNING] [dontalia.com] HTTP ? for https://www.dontalia.com/search/?q=Six+Month+Smiles+20321 (attempt 1)
2026-03-14 04:20:47,430 [WARNING] [dontalia.com] HTTP ? for https://www.dontalia.com/search/?q=Six+Month+Smiles+20321 (attempt 2)
2026-03-14 04:20:58,769 [WARNING] [dontalia.com] HTTP ? for https://www.dontalia.com/search/?q=Six+Month+Smiles+20321 (attempt 3)
2026-03-14 04:21:02,907 [WARNING] [dontalia.com] HTTP ? for https://www.dontalia.com/search/?q=Six+Month+Smiles+Lucid-Lok+Universal+4%2F5+Bracket (attempt 1)
2026-03-14 04:21:09,444 [WARNING] [dontalia.com] HTTP ? for https://www.dontalia.com/search/?q=Six+Month+Smiles+Lucid-Lok+Universal+4%2F5+Bracket (attempt 2)
2026-03-14 04:21:20,817 [WARNING] [dontalia.com] HTTP ? for https://www.dontalia.com/search/?q=Six+Month+Smiles+Lucid-Lok+Universal+4%2F5+Bracket (attempt 3)
2026-03-14 04:21:27,994 [WARNING] [dontalia.com] HTTP ? for https://www.dontalia.com/search/?q=Six+Month+Smiles+Six+Month+Smiles+Lucid-Lok+Universal (attempt 1)
2026-03-14 04:21:34,331 [WARNING] [dontalia.com] HTTP ? for https://www.dontalia.com/search/?q=Six+Month+Smiles+Six+Month+Smiles+Lucid-Lok+Universal (attempt 2)
2026-03-14 04:21:45,695 [WARNING] [dontalia.com] HTTP ? for https://www.dontalia.com/search/?q=Six+Month+Smiles+Six+Month+Smiles+Lucid-Lok+Universal (attempt 3)
2026-03-14 04:21:45,696 [INFO]   [dontalia] ✗ Not found
2026-03-14 04:21:45,696 [INFO] [3/3] 670231 — Clinisept+ Skin 490ml - Each
2026-03-14 04:21:47,625 [WARNING] [dmi.ie] HTTP ? for https://www.dmi.ie/search/suggest.json (attempt 1)
2026-03-14 04:21:54,493 [WARNING] [dmi.ie] HTTP ? for https://www.dmi.ie/search/suggest.json (attempt 2)
2026-03-14 04:22:06,385 [WARNING] [dmi.ie] HTTP ? for https://www.dmi.ie/search/suggest.json (attempt 3)
2026-03-14 04:22:10,697 [WARNING] [dmi.ie] HTTP ? for https://www.dmi.ie/search/suggest.json (attempt 1)
2026-03-14 04:22:17,514 [WARNING] [dmi.ie] HTTP ? for https://www.dmi.ie/search/suggest.json (attempt 2)
2026-03-14 04:22:29,530 [WARNING] [dmi.ie] HTTP ? for https://www.dmi.ie/search/suggest.json (attempt 3)
2026-03-14 04:22:32,571 [WARNING] [dmi.ie] HTTP ? for https://www.dmi.ie/search/suggest.json (attempt 1)
2026-03-14 04:22:39,461 [WARNING] [dmi.ie] HTTP ? for https://www.dmi.ie/search/suggest.json (attempt 2)
2026-03-14 04:22:51,647 [WARNING] [dmi.ie] HTTP ? for https://www.dmi.ie/search/suggest.json (attempt 3)
2026-03-14 04:22:54,728 [WARNING] [dmi.ie] HTTP ? for https://www.dmi.ie/search/suggest.json (attempt 1)
2026-03-14 04:23:01,472 [WARNING] [dmi.ie] HTTP ? for https://www.dmi.ie/search/suggest.json (attempt 2)
2026-03-14 04:23:13,458 [WARNING] [dmi.ie] HTTP ? for https://www.dmi.ie/search/suggest.json (attempt 3)
2026-03-14 04:23:13,458 [INFO]   [dmi_ie] ✗ Not found
2026-03-14 04:23:29,135 [INFO]   [dentalsky] ✗ Not found
2026-03-14 04:23:35,227 [WARNING] [dontalia.com] HTTP ? for https://www.dontalia.com/search/?q=CP-SKIN-490 (attempt 1)
2026-03-14 04:23:41,545 [WARNING] [dontalia.com] HTTP ? for https://www.dontalia.com/search/?q=CP-SKIN-490 (attempt 2)
2026-03-14 04:23:52,822 [WARNING] [dontalia.com] HTTP ? for https://www.dontalia.com/search/?q=CP-SKIN-490 (attempt 3)
2026-03-14 04:23:59,395 [WARNING] [dontalia.com] HTTP ? for https://www.dontalia.com/search/?q=Clinisept+CP-SKIN-490 (attempt 1)
2026-03-14 04:24:05,730 [WARNING] [dontalia.com] HTTP ? for https://www.dontalia.com/search/?q=Clinisept+CP-SKIN-490 (attempt 2)
2026-03-14 04:24:17,234 [WARNING] [dontalia.com] HTTP ? for https://www.dontalia.com/search/?q=Clinisept+CP-SKIN-490 (attempt 3)
2026-03-14 04:24:24,090 [WARNING] [dontalia.com] HTTP ? for https://www.dontalia.com/search/?q=Clinisept%2B+Skin+490ml+- (attempt 1)
2026-03-14 04:24:30,399 [WARNING] [dontalia.com] HTTP ? for https://www.dontalia.com/search/?q=Clinisept%2B+Skin+490ml+- (attempt 2)
2026-03-14 04:24:41,820 [WARNING] [dontalia.com] HTTP ? for https://www.dontalia.com/search/?q=Clinisept%2B+Skin+490ml+- (attempt 3)
2026-03-14 04:24:48,388 [WARNING] [dontalia.com] HTTP ? for https://www.dontalia.com/search/?q=Clinisept+Clinisept%2B+Skin+490ml+- (attempt 1)
2026-03-14 04:24:53,921 [WARNING] [dontalia.com] HTTP ? for https://www.dontalia.com/search/?q=Clinisept+Clinisept%2B+Skin+490ml+- (attempt 2)
2026-03-14 04:25:04,964 [WARNING] [dontalia.com] HTTP ? for https://www.dontalia.com/search/?q=Clinisept+Clinisept%2B+Skin+490ml+- (attempt 3)
2026-03-14 04:25:04,965 [INFO]   [dontalia] ✗ Not found
2026-03-14 04:25:04,966 [INFO] Done. Output written to: output_prices.csv
2026-03-14 04:46:48,586 [INFO] Reading input: Price Benchmarking - Top 300 April 2025 - Public Website Prices.csv
2026-03-14 04:46:48,590 [INFO] Limited to first 10 rows
2026-03-14 04:46:48,590 [INFO] Registered scraper: dmi_ie
2026-03-14 04:46:48,590 [INFO] Registered scraper: dmi_uk
2026-03-14 04:46:48,590 [INFO] Registered scraper: dentalsky
2026-03-14 04:46:48,591 [INFO] Registered scraper: dontalia
2026-03-14 04:46:48,591 [INFO] [1/10] 400060 — Six Month Smiles Lucid-Lok Lo Universal 1/2 Bracket - Each
2026-03-14 04:46:56,402 [INFO]   [dmi_ie] ✗ Not found
2026-03-14 04:47:04,410 [INFO]   [dmi_uk] ✗ Not found
2026-03-14 04:47:13,464 [INFO]   [dentalsky] ✗ Not found
2026-03-14 04:47:18,135 [INFO]   [dontalia] ✗ Not found
2026-03-14 04:47:18,135 [INFO] [2/10] 400063 — Six Month Smiles Lucid-Lok Universal 4/5 Bracket w/Hook
2026-03-14 04:47:28,453 [INFO]   [dmi_ie] ✗ Not found
2026-03-14 04:47:37,799 [INFO]   [dmi_uk] ✗ Not found
2026-03-14 04:47:45,916 [INFO]   [dentalsky] ✗ Not found
2026-03-14 04:47:53,481 [INFO]   [dontalia] ✗ Not found
2026-03-14 04:47:53,482 [INFO] [3/10] 670231 — Clinisept+ Skin 490ml - Each
2026-03-14 04:48:03,784 [INFO]   [dmi.ie] Search 'Clinisept+ Skin 490ml -' ✓ €15.03
2026-03-14 04:48:03,785 [INFO]   [dmi_ie] ✓ €15.03  (variance: -20.8%)
2026-03-14 04:48:12,517 [INFO]   [dmi.co.uk] Search 'Clinisept+ Skin 490ml -' ✓ £12.32
2026-03-14 04:48:12,518 [INFO]   [dmi_uk] ✓ £12.32  (variance: -16.6%)
2026-03-14 04:48:18,680 [INFO]   [dentalsky] ✗ Not found
2026-03-14 04:48:26,063 [INFO]   [dontalia] ✗ Not found
2026-03-14 04:48:26,063 [INFO] [4/10] AA009 — Septodont Septoject XL Needles 27g Long 0.4x35mm - Box100
2026-03-14 04:48:27,262 [INFO]   [dmi.ie] Direct URL ✓ €27.39
2026-03-14 04:48:27,262 [INFO]   [dmi_ie] ✓ €27.39  (variance: -31.2%)
2026-03-14 04:48:28,487 [INFO]   [dmi.co.uk] Direct URL ✓ £22.18
2026-03-14 04:48:28,487 [INFO]   [dmi_uk] ✓ £22.18  (variance: -26.8%)
2026-03-14 04:48:35,065 [INFO]   [dentalsky] ✗ Not found
2026-03-14 04:48:36,567 [INFO]   [dontalia.com] Direct URL ✓ €17.00
2026-03-14 04:48:36,568 [INFO]   [dontalia] ✓ €17.00  (variance: 10.8%)
2026-03-14 04:48:36,568 [INFO] [5/10] AA011 — Septodont Septoject XL Needles 30g Short 0.3x25mm - Box100
2026-03-14 04:48:45,802 [INFO]   [dmi_ie] ✗ Not found
2026-03-14 04:48:47,126 [INFO]   [dmi.co.uk] Direct URL ✓ £22.18
2026-03-14 04:48:47,126 [INFO]   [dmi_uk] ✓ £22.18  (variance: -26.8%)
2026-03-14 04:48:53,398 [INFO]   [dentalsky] ✗ Not found
2026-03-14 04:48:54,791 [INFO]   [dontalia.com] Direct URL ✓ €17.00
2026-03-14 04:48:54,791 [INFO]   [dontalia] ✓ €17.00  (variance: 10.8%)
2026-03-14 04:48:54,791 [INFO] [6/10] AA021 — J&S Davis Solo Dental Needle 30g Short 0.3x23mm - Box100
2026-03-14 04:48:56,029 [INFO]   [dmi.ie] Direct URL ✓ €25.58
2026-03-14 04:48:56,030 [INFO]   [dmi_ie] ✓ €25.58  (variance: -38.8%)
2026-03-14 04:48:57,714 [INFO]   [dmi.co.uk] Direct URL ✓ £21.72
2026-03-14 04:48:57,714 [INFO]   [dmi_uk] ✓ £21.72  (variance: -37.8%)
2026-03-14 04:48:59,765 [INFO]   [dentalsky.com] Direct URL gave no price, trying search
2026-03-14 04:49:08,142 [INFO]   [dentalsky] ✗ Not found
2026-03-14 04:49:12,188 [INFO]   [dontalia] ✗ Not found
2026-03-14 04:49:12,189 [INFO] [7/10] AA032 — Septodont Septoject Needles 27g Long - Box100
2026-03-14 04:49:19,490 [INFO]   [dmi_ie] ✗ Not found
2026-03-14 04:49:20,723 [INFO]   [dmi.co.uk] Direct URL ✓ £16.97
2026-03-14 04:49:20,723 [INFO]   [dmi_uk] ✓ £16.97  (variance: -19.2%)
2026-03-14 04:49:26,992 [INFO]   [dentalsky] ✗ Not found
2026-03-14 04:49:28,481 [INFO]   [dontalia.com] Direct URL ✓ €8.41
2026-03-14 04:49:28,481 [INFO]   [dontalia] ✓ €8.41  (variance: 89.3%)
2026-03-14 04:49:28,481 [INFO] [8/10] AA034 — Septodont Septoject Needles 30g Short - Box100
2026-03-14 04:49:38,734 [INFO]   [dmi.ie] Search 'Septodont Septoject Needles 30g Short -' ✓ €27.39
2026-03-14 04:49:38,734 [INFO]   [dmi_ie] ✓ €27.39  (variance: -48.4%)
2026-03-14 04:49:47,134 [INFO]   [dmi.co.uk] Search 'Septodont Septoject Needles 30g Short -' ✓ £22.18
2026-03-14 04:49:47,135 [INFO]   [dmi_uk] ✓ £22.18  (variance: -45.0%)
2026-03-14 04:49:54,733 [INFO]   [dentalsky] ✗ Not found
2026-03-14 04:49:56,229 [INFO]   [dontalia.com] Direct URL ✓ €8.41
2026-03-14 04:49:56,230 [INFO]   [dontalia] ✓ €8.41  (variance: 68.1%)
2026-03-14 04:49:56,230 [INFO] [9/10] AA097 — UnoDent Sterile Dental Needle 30GS 0.3 x 21mm (ANU030)
2026-03-14 04:50:08,257 [WARNING] [dmi.ie] Request error for https://www.dmi.ie/categories.html (attempt 1): HTTPSConnectionPool(host='www.dmi.ie', port=443): Max retries exceeded with url: /categories.html?type=simple&name=ANU030 (Caused by NewConnectionError('<urllib3.connection.HTTPSConnection object at 0x0000027814A86D20>: Failed to establish a new connection: [Errno 11001] getaddrinfo failed'))
2026-03-14 04:50:23,414 [INFO]   [dmi_ie] ✗ Not found
2026-03-14 04:50:31,357 [INFO]   [dmi_uk] ✗ Not found
2026-03-14 04:50:37,126 [INFO]   [dentalsky] ✗ Not found
2026-03-14 04:50:43,066 [INFO]   [dontalia] ✗ Not found
2026-03-14 04:50:43,066 [INFO] [10/10] AA105 — BD Venflon Peripheral IV Catheter w/ Port Blue 22Gx25mm-Each
2026-03-14 04:50:44,296 [INFO]   [dmi.ie] Direct URL ✓ €117.26
2026-03-14 04:50:44,296 [INFO]   [dmi_ie] ✓ €117.26  (variance: -98.0%)
2026-03-14 04:50:54,538 [INFO]   [dmi_uk] ✗ Not found
2026-03-14 04:50:56,310 [INFO]   [dentalsky.com] Direct URL gave no price, trying search
2026-03-14 04:51:02,875 [INFO]   [dentalsky] ✗ Not found
2026-03-14 04:51:08,729 [INFO]   [dontalia] ✗ Not found
2026-03-14 04:57:18,568 [INFO]   [dmi.ie] Search 'Clinisept+ Skin 490ml -' ✓ €15.03
2026-03-14 05:02:32,692 [INFO] Reading input: Price Benchmarking - Top 300 April 2025 - Public Website Prices.csv
2026-03-14 05:02:32,695 [INFO] Limited to first 15 rows
2026-03-14 05:02:32,695 [INFO] Registered scraper: dmi_ie
2026-03-14 05:02:32,695 [INFO] Registered scraper: dmi_uk
2026-03-14 05:02:32,695 [INFO] Registered scraper: dentalsky
2026-03-14 05:02:32,695 [INFO] Registered scraper: dontalia
2026-03-14 05:02:32,695 [INFO] [1/15] 400060 — Six Month Smiles Lucid-Lok Lo Universal 1/2 Bracket - Each
2026-03-14 05:02:42,252 [INFO]   [dmi_ie] ✗ Not found
2026-03-14 05:02:50,061 [INFO]   [dmi_uk] ✗ Not found
2026-03-14 05:02:58,028 [INFO]   [dentalsky] ✗ Not found
2026-03-14 05:03:04,976 [INFO]   [dontalia] ✗ Not found
2026-03-14 05:03:04,977 [INFO] [2/15] 400063 — Six Month Smiles Lucid-Lok Universal 4/5 Bracket w/Hook
2026-03-14 05:03:16,278 [INFO]   [dmi_ie] ✗ Not found
2026-03-14 05:03:27,129 [INFO]   [dmi_uk] ✗ Not found
2026-03-14 05:03:33,597 [INFO]   [dentalsky] ✗ Not found
2026-03-14 05:03:40,405 [INFO]   [dontalia] ✗ Not found
2026-03-14 05:03:40,405 [INFO] [3/15] 670231 — Clinisept+ Skin 490ml - Each
2026-03-14 05:03:47,339 [INFO]   [dmi.ie] Search 'Clinisept+ Skin 490ml -' ✓ €15.03
2026-03-14 05:03:47,341 [INFO]   [dmi_ie] ✓ €15.03  (variance: -20.8%)
2026-03-14 05:04:18,229 [INFO]   [dmi.co.uk] Search 'Clinisept+ Skin 490ml -' ✓ £12.32
2026-03-14 05:04:18,229 [INFO]   [dmi_uk] ✓ £12.32  (variance: -16.6%)
2026-03-14 05:04:19,709 [INFO]   [dentalsky] ✗ Not found
2026-03-14 05:04:24,569 [INFO]   [dontalia] ✗ Not found
2026-03-14 05:04:24,570 [INFO] [4/15] AA009 — Septodont Septoject XL Needles 27g Long 0.4x35mm - Box100
2026-03-14 05:04:25,840 [INFO]   [dmi.ie] Direct URL ✓ €27.39
2026-03-14 05:04:25,840 [INFO]   [dmi_ie] ✓ €27.39  (variance: -31.2%)
2026-03-14 05:04:27,026 [INFO]   [dmi.co.uk] Direct URL ✓ £22.18
2026-03-14 05:04:27,026 [INFO]   [dmi_uk] ✓ £22.18  (variance: -26.8%)
2026-03-14 05:04:35,584 [INFO]   [dentalsky] ✗ Not found
2026-03-14 05:04:37,265 [INFO]   [dontalia.com] Direct URL ✓ €17.00
2026-03-14 05:04:37,265 [INFO]   [dontalia] ✓ €17.00  (variance: 10.8%)
2026-03-14 05:04:37,265 [INFO] [5/15] AA011 — Septodont Septoject XL Needles 30g Short 0.3x25mm - Box100
2026-03-14 05:04:48,850 [INFO]   [dmi_ie] ✗ Not found
2026-03-14 05:04:50,093 [INFO]   [dmi.co.uk] Direct URL ✓ £22.18
2026-03-14 05:04:50,094 [INFO]   [dmi_uk] ✓ £22.18  (variance: -26.8%)
2026-03-14 05:04:55,400 [INFO]   [dentalsky] ✗ Not found
2026-03-14 05:04:56,843 [INFO]   [dontalia.com] Direct URL ✓ €17.00
2026-03-14 05:04:56,843 [INFO]   [dontalia] ✓ €17.00  (variance: 10.8%)
2026-03-14 05:04:56,843 [INFO] [6/15] AA021 — J&S Davis Solo Dental Needle 30g Short 0.3x23mm - Box100
2026-03-14 05:04:58,046 [INFO]   [dmi.ie] Direct URL ✓ €25.58
2026-03-14 05:04:58,046 [INFO]   [dmi_ie] ✓ €25.58  (variance: -38.8%)
2026-03-14 05:04:59,325 [INFO]   [dmi.co.uk] Direct URL ✓ £21.72
2026-03-14 05:04:59,325 [INFO]   [dmi_uk] ✓ £21.72  (variance: -37.8%)
2026-03-14 05:04:59,964 [INFO]   [dentalsky.com] Direct URL ✓ £16.74
2026-03-14 05:04:59,964 [INFO]   [dentalsky] ✓ £16.74  (variance: -19.4%)
2026-03-14 05:05:04,961 [INFO]   [dontalia] ✗ Not found
2026-03-14 05:05:04,962 [INFO] [7/15] AA032 — Septodont Septoject Needles 27g Long - Box100
2026-03-14 05:05:13,323 [INFO]   [dmi_ie] ✗ Not found
2026-03-14 05:05:14,563 [INFO]   [dmi.co.uk] Direct URL ✓ £16.97
2026-03-14 05:05:14,563 [INFO]   [dmi_uk] ✓ £16.97  (variance: -19.2%)
2026-03-14 05:05:19,497 [INFO]   [dentalsky] ✗ Not found
2026-03-14 05:05:20,951 [INFO]   [dontalia.com] Direct URL ✓ €8.41
2026-03-14 05:05:20,952 [INFO]   [dontalia] ✓ €8.41  (variance: 89.3%)
2026-03-14 05:05:20,952 [INFO] [8/15] AA034 — Septodont Septoject Needles 30g Short - Box100
2026-03-14 05:05:30,520 [INFO]   [dmi.ie] Search 'Septodont Septoject Needles 30g Short -' ✓ €27.39
2026-03-14 05:05:30,520 [INFO]   [dmi_ie] ✓ €27.39  (variance: -48.4%)
2026-03-14 05:05:41,272 [INFO]   [dmi.co.uk] Search 'Septodont Septoject Needles 30g Short -' ✓ £22.18
2026-03-14 05:05:41,272 [INFO]   [dmi_uk] ✓ £22.18  (variance: -45.0%)
2026-03-14 05:05:45,117 [INFO]   [dentalsky] ✗ Not found
2026-03-14 05:05:46,703 [INFO]   [dontalia.com] Direct URL ✓ €8.41
2026-03-14 05:05:46,703 [INFO]   [dontalia] ✓ €8.41  (variance: 68.1%)
2026-03-14 05:05:46,703 [INFO] [9/15] AA097 — UnoDent Sterile Dental Needle 30GS 0.3 x 21mm (ANU030)
2026-03-14 05:05:53,256 [INFO]   [dmi_ie] ✗ Not found
2026-03-14 05:06:04,634 [INFO]   [dmi_uk] ✗ Not found
2026-03-14 05:06:12,959 [INFO]   [dentalsky] ✗ Not found
2026-03-14 05:06:13,670 [WARNING] [dontalia.com] HTTP 502 for https://www.dontalia.com/unodent-sterile-dental-needle-30gs.html (attempt 1)
2026-03-14 05:06:24,663 [INFO]   [dontalia] ✗ Not found
2026-03-14 05:06:24,663 [INFO] [10/15] AA105 — BD Venflon Peripheral IV Catheter w/ Port Blue 22Gx25mm-Each
2026-03-14 05:06:26,269 [INFO]   [dmi.ie] Direct URL ✓ €117.26
2026-03-14 05:06:26,269 [INFO]   [dmi_ie] ✓ €117.26  (variance: -98.0%)
2026-03-14 05:06:35,043 [INFO]   [dmi_uk] ✗ Not found
2026-03-14 05:06:37,164 [INFO]   [dentalsky.com] Direct URL gave no price, trying search
2026-03-14 05:06:47,904 [INFO]   [dentalsky] ✗ Not found
2026-03-14 05:06:55,885 [INFO]   [dontalia] ✗ Not found
2026-03-14 05:06:55,885 [INFO] [11/15] AA120 — BD Micro-Fine + Insulin Syringe 0.3ml Needle 30Gx8mm -Box100
2026-03-14 05:07:06,022 [INFO]   [dmi_ie] ✗ Not found
2026-03-14 05:07:16,476 [INFO]   [dmi_uk] ✗ Not found
2026-03-14 05:07:22,861 [INFO]   [dentalsky] ✗ Not found
2026-03-14 05:07:27,731 [INFO]   [dontalia] ✗ Not found
2026-03-14 05:07:27,731 [INFO] [12/15] AA131 — 4T Medical FMS 32G Fine Micro Syringe 0.3ml - Box100
2026-03-14 05:07:38,639 [INFO]   [dmi_ie] ✗ Not found
2026-03-14 05:07:48,555 [INFO]   [dmi_uk] ✗ Not found
2026-03-14 05:07:55,340 [INFO]   [dentalsky] ✗ Not found
2026-03-14 05:08:02,371 [INFO]   [dontalia] ✗ Not found
2026-03-14 05:08:02,371 [INFO] [13/15] AA132 — 4T Medical FMS 32G Fine Micro Syringe 0.5ml - Box100
2026-03-14 05:08:05,828 [INFO]   [dmi_ie] ✗ Not found
2026-03-14 05:08:09,136 [INFO]   [dmi_uk] ✗ Not found
2026-03-14 05:08:16,942 [INFO]   [dentalsky] ✗ Not found
2026-03-14 05:08:21,820 [INFO]   [dontalia] ✗ Not found
2026-03-14 05:08:21,820 [INFO] [14/15] AAA345 — #Dentsply Anestadent 4% 1:100,000 Solution 2.2ml (546) -Bx50
2026-03-14 05:08:23,541 [INFO]   [dmi.ie] Direct URL gave no price, trying search
2026-03-14 05:08:28,720 [INFO]   [dmi.ie] Search '546' ✓ €31.73
2026-03-14 05:08:28,720 [INFO]   [dmi_ie] ✓ €31.73  (variance: -15.4%)
2026-03-14 05:08:30,503 [INFO]   [dmi.co.uk] Direct URL gave no price, trying search
2026-03-14 05:08:34,414 [INFO]   [dmi.co.uk] Search '546' ✓ £27.73
2026-03-14 05:08:34,415 [INFO]   [dmi_uk] ✓ £27.73  (variance: -16.5%)
2026-03-14 05:08:36,938 [INFO]   [dentalsky.com] Direct URL gave no price, trying search
2026-03-14 05:08:44,869 [INFO]   [dentalsky] ✗ Not found
2026-03-14 05:08:49,168 [INFO]   [dontalia] ✗ Not found
2026-03-14 05:08:49,168 [INFO] [15/15] ABG008A — Perfection Plus Bib Roll Paper-Plastic Blue PP002/0020 - 80
2026-03-14 05:08:50,474 [INFO]   [dmi.ie] Direct URL ✓ €16.41
2026-03-14 05:08:50,475 [INFO]   [dmi_ie] ✓ €16.41  (variance: -29.3%)
2026-03-14 05:08:51,748 [INFO]   [dmi.co.uk] Direct URL ✓ £14.40
2026-03-14 05:08:51,749 [INFO]   [dmi_uk] ✓ £14.40  (variance: -30.6%)
2026-03-14 05:09:00,490 [INFO]   [dentalsky] ✗ Not found
2026-03-14 05:09:05,523 [INFO]   [dontalia] ✗ Not found
2026-03-14 05:09:05,525 [INFO] Output written to: output_prices.csv
2026-03-14 05:09:05,525 [INFO]   dmi_ie: 9/15 prices found
2026-03-14 05:09:05,525 [INFO]   dmi_uk: 8/15 prices found
2026-03-14 05:09:05,526 [INFO]   dentalsky: 7/15 prices found
2026-03-14 05:09:05,526 [INFO]   dontalia: 4/15 prices found
2026-03-14 05:23:01,571 [INFO] Reading input: Price Benchmarking - Top 300 April 2025 - Public Website Prices.csv
2026-03-14 05:23:01,574 [INFO] Limited to first 50 rows
2026-03-14 05:23:01,574 [INFO] Registered scraper: dmi_ie
2026-03-14 05:23:01,574 [INFO] Registered scraper: dmi_uk
2026-03-14 05:23:01,575 [INFO] Registered scraper: dentalsky
2026-03-14 05:23:01,575 [INFO] Registered scraper: dontalia
2026-03-14 05:23:01,575 [INFO] Registered scraper: henryschein
2026-03-14 05:23:01,575 [INFO] [1/50] 400060 — Six Month Smiles Lucid-Lok Lo Universal 1/2 Bracket - Each
2026-03-14 05:23:11,639 [INFO]   [dmi_ie] ✗ Not found
2026-03-14 05:23:22,619 [INFO]   [dmi_uk] ✗ Not found
2026-03-14 05:23:28,889 [INFO]   [dentalsky] ✗ Not found
2026-03-14 05:23:35,956 [INFO]   [dontalia] ✗ Not found
2026-03-14 05:23:35,957 [INFO]   [henryschein] ✗ Not found
2026-03-14 05:23:35,957 [INFO] [2/50] 400063 — Six Month Smiles Lucid-Lok Universal 4/5 Bracket w/Hook
2026-03-14 05:23:45,531 [INFO]   [dmi_ie] ✗ Not found
2026-03-14 05:23:55,791 [INFO]   [dmi_uk] ✗ Not found
2026-03-14 05:24:02,788 [INFO]   [dentalsky] ✗ Not found
2026-03-14 05:24:09,416 [INFO]   [dontalia] ✗ Not found
2026-03-14 05:24:09,416 [INFO]   [henryschein] ✗ Not found
2026-03-14 05:24:09,416 [INFO] [3/50] 670231 — Clinisept+ Skin 490ml - Each
2026-03-14 05:24:18,939 [INFO]   [dmi.ie] Search 'Clinisept+ Skin 490ml -' ✓ €15.03
2026-03-14 05:24:18,940 [INFO]   [dmi_ie] ✓ €15.03  (variance: -20.8%)
2026-03-14 05:24:27,065 [INFO]   [dmi.co.uk] Search 'Clinisept+ Skin 490ml -' ✓ £12.32
2026-03-14 05:24:27,065 [INFO]   [dmi_uk] ✓ £12.32  (variance: -16.6%)
2026-03-14 05:24:28,668 [INFO]   [dentalsky] ✗ Not found
2026-03-14 05:24:33,914 [INFO]   [dontalia] ✗ Not found
2026-03-14 05:24:33,914 [INFO]   [henryschein] ✗ Not found
2026-03-14 05:24:33,914 [INFO] [4/50] AA009 — Septodont Septoject XL Needles 27g Long 0.4x35mm - Box100
2026-03-14 05:24:33,914 [INFO]   [dmi_ie] Already has price: €21.22, skipping
2026-03-14 05:24:33,915 [INFO]   [dmi_uk] Already has price: £17.77, skipping
2026-03-14 05:24:33,915 [INFO]   [dentalsky] Already has price: £13.80, skipping
2026-03-14 05:24:33,915 [INFO]   [dontalia] Already has price: €17.00, skipping
2026-03-14 05:24:33,915 [INFO]   [henryschein] ✗ Not found
2026-03-14 05:24:33,915 [INFO] [5/50] AA011 — Septodont Septoject XL Needles 30g Short 0.3x25mm - Box100
2026-03-14 05:24:33,915 [INFO]   [dmi_ie] Already has price: €21.22, skipping
2026-03-14 05:24:33,915 [INFO]   [dmi_uk] Already has price: £17.77, skipping
2026-03-14 05:24:33,915 [INFO]   [dentalsky] Already has price: £13.80, skipping
2026-03-14 05:24:33,915 [INFO]   [dontalia] Already has price: €17.00, skipping
2026-03-14 05:24:33,915 [INFO]   [henryschein] ✗ Not found
2026-03-14 05:24:33,915 [INFO] [6/50] AA021 — J&S Davis Solo Dental Needle 30g Short 0.3x23mm - Box100
2026-03-14 05:24:33,915 [INFO]   [dmi_ie] Already has price: €21.62, skipping
2026-03-14 05:24:33,915 [INFO]   [dmi_uk] Already has price: £18.10, skipping
2026-03-14 05:24:33,915 [INFO]   [dentalsky] Already has price: £13.80, skipping
2026-03-14 05:24:44,584 [INFO]   [dontalia] ✗ Not found
2026-03-14 05:24:44,584 [INFO]   [henryschein] ✗ Not found
2026-03-14 05:24:44,584 [INFO] [7/50] AA032 — Septodont Septoject Needles 27g Long - Box100
2026-03-14 05:24:44,584 [INFO]   [dmi_ie] Already has price: €16.24, skipping
2026-03-14 05:24:44,584 [INFO]   [dmi_uk] Already has price: £13.60, skipping
2026-03-14 05:24:44,584 [INFO]   [dentalsky] Already has price: £10.55, skipping
2026-03-14 05:24:44,585 [INFO]   [dontalia] Already has price: €8.76, skipping
2026-03-14 05:24:44,585 [INFO]   [henryschein] ✗ Not found
2026-03-14 05:24:44,585 [INFO] [8/50] AA034 — Septodont Septoject Needles 30g Short - Box100
2026-03-14 05:24:52,679 [INFO]   [dmi.ie] Search 'Septodont Septoject Needles 30g Short -' ✓ €27.39
2026-03-14 05:24:52,680 [INFO]   [dmi_ie] ✓ €27.39  (variance: -48.4%)
2026-03-14 05:25:00,481 [INFO]   [dmi.co.uk] Search 'Septodont Septoject Needles 30g Short -' ✓ £22.18
2026-03-14 05:25:00,481 [INFO]   [dmi_uk] ✓ £22.18  (variance: -45.0%)
2026-03-14 05:25:00,481 [INFO]   [dentalsky] Already has price: £10.55, skipping
2026-03-14 05:25:00,481 [INFO]   [dontalia] Already has price: €8.76, skipping
2026-03-14 05:25:00,481 [INFO]   [henryschein] ✗ Not found
2026-03-14 05:25:00,481 [INFO] [9/50] AA097 — UnoDent Sterile Dental Needle 30GS 0.3 x 21mm (ANU030)
2026-03-14 05:25:10,534 [INFO]   [dmi_ie] ✗ Not found
2026-03-14 05:25:19,278 [INFO]   [dmi_uk] ✗ Not found
2026-03-14 05:25:28,220 [INFO]   [dentalsky] ✗ Not found
2026-03-14 05:25:32,887 [INFO]   [dontalia] ✗ Not found
2026-03-14 05:25:32,887 [INFO]   [henryschein] ✗ Not found
2026-03-14 05:25:32,887 [INFO] [10/50] AA105 — BD Venflon Peripheral IV Catheter w/ Port Blue 22Gx25mm-Each
2026-03-14 05:25:33,920 [INFO]   [dmi.ie] Direct URL ✓ €117.26
2026-03-14 05:25:33,920 [INFO]   [dmi_ie] ✓ €117.26  (variance: -98.0%)
2026-03-14 05:25:42,699 [INFO]   [dmi_uk] ✗ Not found
2026-03-14 05:25:42,699 [INFO]   [dentalsky] Already has price: £1.65, skipping
2026-03-14 05:25:50,322 [INFO]   [dontalia] ✗ Not found
2026-03-14 05:25:50,322 [INFO]   [henryschein] ✗ Not found
2026-03-14 05:25:50,322 [INFO] [11/50] AA120 — BD Micro-Fine + Insulin Syringe 0.3ml Needle 30Gx8mm -Box100
2026-03-14 05:25:58,295 [INFO]   [dmi_ie] ✗ Not found
2026-03-14 05:26:06,489 [INFO]   [dmi_uk] ✗ Not found
2026-03-14 05:26:13,014 [INFO]   [dentalsky] ✗ Not found
2026-03-14 05:26:19,871 [INFO]   [dontalia] ✗ Not found
2026-03-14 05:26:19,871 [INFO]   [henryschein] ✗ Not found
2026-03-14 05:26:19,871 [INFO] [12/50] AA131 — 4T Medical FMS 32G Fine Micro Syringe 0.3ml - Box100
2026-03-14 05:26:29,441 [INFO]   [dmi_ie] ✗ Not found
2026-03-14 05:26:37,992 [INFO]   [dmi_uk] ✗ Not found
2026-03-14 05:26:44,628 [INFO]   [dentalsky] ✗ Not found
2026-03-14 05:26:50,871 [INFO]   [dontalia] ✗ Not found
2026-03-14 05:26:50,871 [INFO]   [henryschein] ✗ Not found
2026-03-14 05:26:50,871 [INFO] [13/50] AA132 — 4T Medical FMS 32G Fine Micro Syringe 0.5ml - Box100
2026-03-14 05:26:55,042 [INFO]   [dmi_ie] ✗ Not found
2026-03-14 05:26:57,720 [INFO]   [dmi_uk] ✗ Not found
2026-03-14 05:27:04,234 [INFO]   [dentalsky] ✗ Not found
2026-03-14 05:27:10,554 [INFO]   [dontalia] ✗ Not found
2026-03-14 05:27:10,554 [INFO]   [henryschein] ✗ Not found
2026-03-14 05:27:10,554 [INFO] [14/50] AAA345 — #Dentsply Anestadent 4% 1:100,000 Solution 2.2ml (546) -Bx50
2026-03-14 05:27:10,555 [INFO]   [dmi_ie] Already has price: €30.46, skipping
2026-03-14 05:27:10,555 [INFO]   [dmi_uk] Already has price: £25.50, skipping
2026-03-14 05:27:10,555 [INFO]   [dentalsky] Already has price: £25.45, skipping
2026-03-14 05:27:18,414 [INFO]   [dontalia] ✗ Not found
2026-03-14 05:27:18,414 [INFO]   [henryschein] ✗ Not found
2026-03-14 05:27:18,414 [INFO] [15/50] ABG008A — Perfection Plus Bib Roll Paper-Plastic Blue PP002/0020 - 80
2026-03-14 05:27:18,415 [INFO]   [dmi_ie] Already has price: €14.34, skipping
2026-03-14 05:27:18,415 [INFO]   [dmi_uk] Already has price: £12.00, skipping
2026-03-14 05:27:25,419 [INFO]   [dentalsky] ✗ Not found
2026-03-14 05:27:30,575 [INFO]   [dontalia] ✗ Not found
2026-03-14 05:27:30,575 [INFO]   [henryschein] ✗ Not found
2026-03-14 05:27:30,576 [INFO] [16/50] ABG012A — HPC Healthline Gloves Powder Free Small GN31 - Box100
2026-03-14 05:27:38,843 [INFO]   [dmi_ie] ✗ Not found
2026-03-14 05:27:45,650 [INFO]   [dmi_uk] ✗ Not found
2026-03-14 05:27:52,559 [INFO]   [dentalsky] ✗ Not found
2026-03-14 05:27:59,906 [INFO]   [dontalia] ✗ Not found
2026-03-14 05:27:59,906 [INFO]   [henryschein] ✗ Not found
2026-03-14 05:27:59,906 [INFO] [17/50] ABG013A — HPC Healthline Gloves Powder Free Medium GN31 - Box100
2026-03-14 05:28:10,393 [INFO]   [dmi_ie] ✗ Not found
2026-03-14 05:28:19,176 [INFO]   [dmi_uk] ✗ Not found
2026-03-14 05:28:24,946 [INFO]   [dentalsky] ✗ Not found
2026-03-14 05:28:31,129 [INFO]   [dontalia] ✗ Not found
2026-03-14 05:28:31,129 [INFO]   [henryschein] ✗ Not found
2026-03-14 05:28:31,129 [INFO] [18/50] ABG014A — HPC Healthline Gloves Powder Free Large GN31 - Box100
2026-03-14 05:28:41,870 [INFO]   [dmi_ie] ✗ Not found
2026-03-14 05:28:52,912 [INFO]   [dmi_uk] ✗ Not found
2026-03-14 05:28:58,783 [INFO]   [dentalsky] ✗ Not found
2026-03-14 05:29:04,724 [INFO]   [dontalia] ✗ Not found
2026-03-14 05:29:04,724 [INFO]   [henryschein] ✗ Not found
2026-03-14 05:29:04,724 [INFO] [19/50] ABG020 — Pegasus Velcro Dental Bib Blue - Each
2026-03-14 05:29:04,724 [INFO]   [dmi_ie] Already has price: €3.75, skipping
2026-03-14 05:29:04,724 [INFO]   [dmi_uk] Already has price: £3.14, skipping
2026-03-14 05:29:04,724 [INFO]   [dentalsky] Already has price: £3.05, skipping
2026-03-14 05:29:11,565 [INFO]   [dontalia] ✗ Not found
2026-03-14 05:29:11,566 [INFO]   [henryschein] ✗ Not found
2026-03-14 05:29:11,566 [INFO] [20/50] ABG031B — HPC HandSafe White Nitrile Gloves Small (GN92) - Box200
2026-03-14 05:29:20,703 [INFO]   [dmi_ie] ✗ Not found
2026-03-14 05:29:29,698 [INFO]   [dmi_uk] ✗ Not found
2026-03-14 05:29:36,566 [INFO]   [dentalsky] ✗ Not found
2026-03-14 05:29:42,800 [INFO]   [dontalia] ✗ Not found
2026-03-14 05:29:42,800 [INFO]   [henryschein] ✗ Not found
2026-03-14 05:29:42,801 [INFO] [21/50] ABG033A — HPC HandSafe White Nitrile Gloves Medium (GN92) - Box200
2026-03-14 05:29:51,204 [INFO]   [dmi_ie] ✗ Not found
2026-03-14 05:30:01,763 [INFO]   [dmi_uk] ✗ Not found
2026-03-14 05:30:06,776 [INFO]   [dentalsky] ✗ Not found
2026-03-14 05:30:10,425 [INFO]   [dontalia] ✗ Not found
2026-03-14 05:30:10,425 [INFO]   [henryschein] ✗ Not found
2026-03-14 05:30:10,425 [INFO] [22/50] ABG163A — HPC HandSafe Blue Nitrile Gloves P/Free Small GN90 - Box200
2026-03-14 05:30:17,580 [INFO]   [dmi_ie] ✗ Not found
2026-03-14 05:30:27,099 [INFO]   [dmi_uk] ✗ Not found
2026-03-14 05:30:34,644 [INFO]   [dentalsky] ✗ Not found
2026-03-14 05:30:42,932 [INFO]   [dontalia] ✗ Not found
2026-03-14 05:30:42,932 [INFO]   [henryschein] ✗ Not found
2026-03-14 05:30:42,932 [INFO] [23/50] ABG164A — HPC HandSafe Blue Nitrile Gloves P/Free Medium GN90 - Box200
2026-03-14 05:30:52,037 [INFO]   [dmi_ie] ✗ Not found
2026-03-14 05:31:00,575 [INFO]   [dmi_uk] ✗ Not found
2026-03-14 05:31:06,413 [INFO]   [dentalsky] ✗ Not found
2026-03-14 05:31:12,910 [INFO]   [dontalia] ✗ Not found
2026-03-14 05:31:12,910 [INFO]   [henryschein] ✗ Not found
2026-03-14 05:31:12,910 [INFO] [24/50] ABG165A — HPC HandSafe Blue Nitrile Gloves P/Free Large GN90 - Box200
2026-03-14 05:31:22,513 [INFO]   [dmi_ie] ✗ Not found
2026-03-14 05:31:32,715 [INFO]   [dmi_uk] ✗ Not found
2026-03-14 05:31:38,299 [INFO]   [dentalsky] ✗ Not found
2026-03-14 05:31:44,077 [INFO]   [dontalia] ✗ Not found
2026-03-14 05:31:44,077 [INFO]   [henryschein] ✗ Not found
2026-03-14 05:31:44,077 [INFO] [25/50] ABG205 — Perfection Plus Serviette Bibs Lilac (PP002/0075) - Pack 500
2026-03-14 05:31:44,078 [INFO]   [dmi_ie] Already has price: €26.37, skipping
2026-03-14 05:31:44,078 [INFO]   [dmi_uk] Already has price: £22.08, skipping
2026-03-14 05:31:49,705 [INFO]   [dentalsky] ✗ Not found
2026-03-14 05:31:56,982 [INFO]   [dontalia] ✗ Not found
2026-03-14 05:31:56,983 [INFO]   [henryschein] ✗ Not found
2026-03-14 05:31:56,983 [INFO] [26/50] ABG214 — Perfection Plus Serviette Bibs Dark Blue (PP002/0076) - 500
2026-03-14 05:31:56,983 [INFO]   [dmi_ie] Already has price: €26.00, skipping
2026-03-14 05:31:56,983 [INFO]   [dmi_uk] Already has price: £21.77, skipping
2026-03-14 05:31:56,983 [INFO]   [dentalsky] Already has price: £23.35, skipping
2026-03-14 05:32:06,111 [INFO]   [dontalia] ✗ Not found
2026-03-14 05:32:06,111 [INFO]   [henryschein] ✗ Not found
2026-03-14 05:32:06,111 [INFO] [27/50] ABG246 — UnoDent Surgical Gown Kit (COP410) - Each
2026-03-14 05:32:15,510 [INFO]   [dmi_ie] ✗ Not found
2026-03-14 05:32:26,349 [INFO]   [dmi_uk] ✗ Not found
2026-03-14 05:32:30,501 [INFO]   [dentalsky] ✗ Not found
2026-03-14 05:32:35,601 [INFO]   [dontalia] ✗ Not found
2026-03-14 05:32:35,602 [INFO]   [henryschein] ✗ Not found
2026-03-14 05:32:35,602 [INFO] [28/50] ABG290 — Perfection Plus Serviette Bibs Blue (PP002/0060) - Pack500
2026-03-14 05:32:35,602 [INFO]   [dmi_ie] Already has price: €26.00, skipping
2026-03-14 05:32:35,602 [INFO]   [dmi_uk] Already has price: €26.00, skipping
2026-03-14 05:32:35,602 [INFO]   [dentalsky] Already has price: £23.35, skipping
2026-03-14 05:32:42,640 [INFO]   [dontalia] ✗ Not found
2026-03-14 05:32:42,641 [INFO]   [henryschein] ✗ Not found
2026-03-14 05:32:42,641 [INFO] [29/50] ABG313 — Cumberland Surgical Universal Sterile Drape Kit - Each
2026-03-14 05:32:50,971 [INFO]   [dmi_ie] ✗ Not found
2026-03-14 05:32:59,747 [INFO]   [dmi_uk] ✗ Not found
2026-03-14 05:33:05,666 [INFO]   [dentalsky] ✗ Not found
2026-03-14 05:33:12,642 [INFO]   [dontalia] ✗ Not found
2026-03-14 05:33:12,642 [INFO]   [henryschein] ✗ Not found
2026-03-14 05:33:12,642 [INFO] [30/50] ABG353 — Meditrade Gentle Skin Compact+ Latex Gloves P/Free Large
2026-03-14 05:33:20,850 [INFO]   [dmi_ie] ✗ Not found
2026-03-14 05:33:30,290 [INFO]   [dmi_uk] ✗ Not found
2026-03-14 05:33:38,573 [INFO]   [dentalsky] ✗ Not found
2026-03-14 05:33:45,008 [INFO]   [dontalia] ✗ Not found
2026-03-14 05:33:45,009 [INFO]   [henryschein] ✗ Not found
2026-03-14 05:33:45,009 [INFO] [31/50] ABG355 — Meditrade Nitril Sensory Blue Nitrile Glove X-Small - Box200
2026-03-14 05:33:54,754 [INFO]   [dmi_ie] ✗ Not found
2026-03-14 05:34:02,607 [INFO]   [dmi_uk] ✗ Not found
2026-03-14 05:34:09,260 [INFO]   [dentalsky] ✗ Not found
2026-03-14 05:34:14,965 [INFO]   [dontalia] ✗ Not found
2026-03-14 05:34:14,965 [INFO]   [henryschein] ✗ Not found
2026-03-14 05:34:14,966 [INFO] [32/50] ABG356 — Meditrade Nitril Sensory Blue Nitrile Glove Small - Box200
2026-03-14 05:34:23,156 [INFO]   [dmi_ie] ✗ Not found
2026-03-14 05:34:31,672 [INFO]   [dmi_uk] ✗ Not found
2026-03-14 05:34:38,748 [INFO]   [dentalsky] ✗ Not found
2026-03-14 05:34:44,944 [INFO]   [dontalia] ✗ Not found
2026-03-14 05:34:44,944 [INFO]   [henryschein] ✗ Not found
2026-03-14 05:34:44,945 [INFO] [33/50] ABG357 — Meditrade Nitril Sensory Blue Nitrile Glove Medium - Box200
2026-03-14 05:34:54,128 [INFO]   [dmi_ie] ✗ Not found
2026-03-14 05:35:01,123 [INFO]   [dmi_uk] ✗ Not found
2026-03-14 05:35:07,870 [INFO]   [dentalsky] ✗ Not found
2026-03-14 05:35:12,940 [INFO]   [dontalia] ✗ Not found
2026-03-14 05:35:12,940 [INFO]   [henryschein] ✗ Not found
2026-03-14 05:35:12,940 [INFO] [34/50] ABG358 — Meditrade Nitril Sensory Blue Nitrile Glove Large - Box200
2026-03-14 05:35:20,940 [INFO]   [dmi_ie] ✗ Not found
2026-03-14 05:35:28,646 [INFO]   [dmi_uk] ✗ Not found
2026-03-14 05:35:35,400 [INFO]   [dentalsky] ✗ Not found
2026-03-14 05:35:40,014 [INFO]   [dontalia] ✗ Not found
2026-03-14 05:35:40,014 [INFO]   [henryschein] ✗ Not found
2026-03-14 05:35:40,014 [INFO] [35/50] ANP030 — Perfection Plus EasiJect Sterile Needles 30Gx21mm (013/0208)
2026-03-14 05:35:40,014 [INFO]   [dmi_ie] Already has price: €7.32, skipping
2026-03-14 05:35:40,014 [INFO]   [dmi_uk] Already has price: £6.13, skipping
2026-03-14 05:35:40,014 [INFO]   [dentalsky] Already has price: £6.95, skipping
2026-03-14 05:35:49,551 [INFO]   [dontalia] ✗ Not found
2026-03-14 05:35:49,551 [INFO]   [henryschein] ✗ Not found
2026-03-14 05:35:49,551 [INFO] [36/50] ASD262 — Septodont Ultra Safety Plus Twist Needles 27g Long - Box100
2026-03-14 05:35:49,551 [INFO]   [dmi_ie] Already has price: 47.75, skipping
2026-03-14 05:35:49,551 [INFO]   [dmi_uk] Already has price: £39.98, skipping
2026-03-14 05:35:49,551 [INFO]   [dentalsky] Already has price: £33.75, skipping
2026-03-14 05:35:49,551 [INFO]   [dontalia] Already has price: €49.94, skipping
2026-03-14 05:35:49,551 [INFO]   [henryschein] ✗ Not found
2026-03-14 05:35:49,551 [INFO] [37/50] ASD264 — Septodont Ultra Safety Plus Twist Needles 30g Short - Box100
2026-03-14 05:35:49,551 [INFO]   [dmi_ie] Already has price: 47.75, skipping
2026-03-14 05:35:49,551 [INFO]   [dmi_uk] Already has price: £39.98, skipping
2026-03-14 05:35:49,551 [INFO]   [dentalsky] Already has price: £33.75, skipping
2026-03-14 05:35:49,551 [INFO]   [dontalia] Already has price: €49.94, skipping
2026-03-14 05:35:49,551 [INFO]   [henryschein] ✗ Not found
2026-03-14 05:35:49,552 [INFO] [38/50] BJM006 — UnoDent Gold Diamond Bur Football FG Fine 257/020 - Each
2026-03-14 05:35:58,427 [INFO]   [dmi_ie] ✗ Not found
2026-03-14 05:36:08,674 [INFO]   [dmi_uk] ✗ Not found
2026-03-14 05:36:15,969 [INFO]   [dentalsky] ✗ Not found
2026-03-14 05:36:22,108 [INFO]   [dontalia] ✗ Not found
2026-03-14 05:36:22,108 [INFO]   [henryschein] ✗ Not found
2026-03-14 05:36:22,108 [INFO] [39/50] BJM440 — UnoDent Gold Diamond Bur Flame FG Extra Fine 249/012 - Each
2026-03-14 05:36:33,295 [INFO]   [dmi_ie] ✗ Not found
2026-03-14 05:36:42,152 [INFO]   [dmi_uk] ✗ Not found
2026-03-14 05:36:47,764 [INFO]   [dentalsky] ✗ Not found
2026-03-14 05:36:54,879 [INFO]   [dontalia] ✗ Not found
2026-03-14 05:36:54,879 [INFO]   [henryschein] ✗ Not found
2026-03-14 05:36:54,879 [INFO] [40/50] BLRG26 — Perfection Plus Steel Bur Round RA No.6 (001/9106)-Pack25
2026-03-14 05:37:03,725 [INFO]   [dmi_ie] ✗ Not found
2026-03-14 05:37:14,280 [INFO]   [dmi_uk] ✗ Not found
2026-03-14 05:37:14,280 [INFO]   [dentalsky] Already has price: £12.70, skipping
2026-03-14 05:37:20,521 [INFO]   [dontalia] ✗ Not found
2026-03-14 05:37:20,522 [INFO]   [henryschein] ✗ Not found
2026-03-14 05:37:20,522 [INFO] [41/50] BOU001 — Boutique Whitening Kit By Day 6% HP 4x3ml
2026-03-14 05:37:20,522 [INFO]   [dmi_ie] Already has price: €28.58, skipping
2026-03-14 05:37:20,522 [INFO]   [dmi_uk] Already has price: £23.93, skipping
2026-03-14 05:37:27,457 [INFO]   [dentalsky] ✗ Not found
2026-03-14 05:37:33,489 [INFO]   [dontalia] ✗ Not found
2026-03-14 05:37:33,489 [INFO]   [henryschein] ✗ Not found
2026-03-14 05:37:33,489 [INFO] [42/50] BOU002 — Boutique Whitening Kit By Night 10% CP 4x3ml
2026-03-14 05:37:33,489 [INFO]   [dmi_ie] Already has price: €28.58, skipping
2026-03-14 05:37:33,489 [INFO]   [dmi_uk] Already has price: £23.93, skipping
2026-03-14 05:37:39,631 [INFO] Reading input: Price Benchmarking - Top 300 April 2025 - Public Website Prices.csv
2026-03-14 05:37:39,634 [INFO] Limited to first 50 rows
2026-03-14 05:37:39,635 [INFO] Registered scraper: dmi_ie
2026-03-14 05:37:39,635 [INFO] Registered scraper: dmi_uk
2026-03-14 05:37:39,635 [INFO] Registered scraper: dentalsky
2026-03-14 05:37:39,635 [INFO] Registered scraper: dontalia
2026-03-14 05:37:39,635 [INFO] Registered scraper: henryschein
2026-03-14 05:37:39,635 [INFO] [1/50] 400060 — Six Month Smiles Lucid-Lok Lo Universal 1/2 Bracket - Each
2026-03-14 05:37:40,364 [INFO]   [dentalsky] ✗ Not found
2026-03-14 05:37:48,048 [INFO]   [dmi_ie] ✗ Not found
2026-03-14 05:37:48,072 [INFO]   [dontalia] ✗ Not found
2026-03-14 05:37:48,072 [INFO]   [henryschein] ✗ Not found
2026-03-14 05:37:48,072 [INFO] [43/50] BOU003 — Boutique Whitening Kit By Night 16% CP 4x3ml
2026-03-14 05:37:48,072 [INFO]   [dmi_ie] Already has price: €28.58, skipping
2026-03-14 05:37:48,072 [INFO]   [dmi_uk] Already has price: £23.93, skipping
2026-03-14 05:37:54,623 [INFO]   [dentalsky] ✗ Not found
2026-03-14 05:37:58,100 [INFO]   [dmi_uk] ✗ Not found
2026-03-14 05:37:59,509 [INFO]   [dontalia] ✗ Not found
2026-03-14 05:37:59,510 [INFO]   [henryschein] ✗ Not found
2026-03-14 05:37:59,510 [INFO] [44/50] BOU007 — Boutique Whitening Top Up Case By Day 6% HP 1x3ml
2026-03-14 05:37:59,510 [INFO]   [dmi_ie] Already has price: €6.43, skipping
2026-03-14 05:37:59,510 [INFO]   [dmi_uk] Already has price: £5.38, skipping
2026-03-14 05:38:04,843 [INFO]   [dentalsky] ✗ Not found
2026-03-14 05:38:06,339 [INFO]   [dentalsky] ✗ Not found
2026-03-14 05:38:10,389 [INFO]   [dontalia] ✗ Not found
2026-03-14 05:38:10,389 [INFO]   [henryschein] ✗ Not found
2026-03-14 05:38:10,390 [INFO] [2/50] 400063 — Six Month Smiles Lucid-Lok Universal 4/5 Bracket w/Hook
2026-03-14 05:38:12,825 [INFO]   [dontalia] ✗ Not found
2026-03-14 05:38:12,825 [INFO]   [henryschein] ✗ Not found
2026-03-14 05:38:12,826 [INFO] [45/50] BOU008 — Boutique Whitening Top Up Case By Night 10% CP 1x3ml
2026-03-14 05:38:12,826 [INFO]   [dmi_ie] Already has price: €6.43, skipping
2026-03-14 05:38:12,826 [INFO]   [dmi_uk] Already has price: £5.38, skipping
2026-03-14 05:38:17,584 [INFO]   [dentalsky] ✗ Not found
2026-03-14 05:38:20,413 [INFO]   [dmi_ie] ✗ Not found
2026-03-14 05:38:24,109 [INFO]   [dontalia] ✗ Not found
2026-03-14 05:38:24,109 [INFO]   [henryschein] ✗ Not found
2026-03-14 05:38:24,109 [INFO] [46/50] BOU009 — Boutique Whitening Top Up Case By Night 16% CP 1x3ml
2026-03-14 05:38:24,109 [INFO]   [dmi_ie] Already has price: €6.43, skipping
2026-03-14 05:38:24,109 [INFO]   [dmi_uk] Already has price: £5.38, skipping
2026-03-14 05:38:28,997 [INFO]   [dmi_uk] ✗ Not found
2026-03-14 05:38:32,946 [INFO]   [dentalsky] ✗ Not found
2026-03-14 05:38:36,012 [INFO]   [dentalsky] ✗ Not found
2026-03-14 05:38:39,096 [INFO]   [dontalia] ✗ Not found
2026-03-14 05:38:39,096 [INFO]   [henryschein] ✗ Not found
2026-03-14 05:38:39,096 [INFO] [47/50] BOU010 — Boutique Whitening Top Up Case By Day 6% HP 2x3ml
2026-03-14 05:38:41,899 [INFO]   [dontalia] ✗ Not found
2026-03-14 05:38:41,899 [INFO]   [henryschein] ✗ Not found
2026-03-14 05:38:41,899 [INFO] [3/50] 670231 — Clinisept+ Skin 490ml - Each
2026-03-14 05:38:47,901 [INFO]   [dmi_ie] ✗ Not found
2026-03-14 05:38:52,926 [INFO]   [dmi.ie] Search 'Clinisept+ Skin 490ml -' ✓ €15.03
2026-03-14 05:38:52,926 [INFO]   [dmi_ie] ✓ €15.03  (variance: -20.8%)
2026-03-14 05:38:54,429 [INFO]   [dmi_uk] ✗ Not found
2026-03-14 05:39:01,652 [INFO]   [dentalsky] ✗ Not found
2026-03-14 05:39:02,926 [INFO]   [dmi.co.uk] Search 'Clinisept+ Skin 490ml -' ✓ £12.32
2026-03-14 05:39:02,926 [INFO]   [dmi_uk] ✓ £12.32  (variance: -16.6%)
2026-03-14 05:39:04,541 [INFO]   [dentalsky] ✗ Not found
2026-03-14 05:39:08,538 [INFO]   [dontalia] ✗ Not found
2026-03-14 05:39:08,538 [INFO]   [henryschein] ✗ Not found
2026-03-14 05:39:08,538 [INFO] [48/50] BOU011 — Boutique Whitening Top Up Case By Night 10% CP 2x3ml
2026-03-14 05:39:09,004 [INFO]   [dontalia] ✗ Not found
2026-03-14 05:39:09,004 [INFO]   [henryschein] ✗ Not found
2026-03-14 05:39:09,004 [INFO] [4/50] AA009 — Septodont Septoject XL Needles 27g Long 0.4x35mm - Box100
2026-03-14 05:39:09,004 [INFO]   [dmi_ie] Already has price: €21.22, skipping
2026-03-14 05:39:09,004 [INFO]   [dmi_uk] Already has price: £17.77, skipping
2026-03-14 05:39:09,004 [INFO]   [dentalsky] Already has price: £13.80, skipping
2026-03-14 05:39:09,004 [INFO]   [dontalia] Already has price: €17.00, skipping
2026-03-14 05:39:09,004 [INFO]   [henryschein] ✗ Not found
2026-03-14 05:39:09,004 [INFO] [5/50] AA011 — Septodont Septoject XL Needles 30g Short 0.3x25mm - Box100
2026-03-14 05:39:09,004 [INFO]   [dmi_ie] Already has price: €21.22, skipping
2026-03-14 05:39:09,004 [INFO]   [dmi_uk] Already has price: £17.77, skipping
2026-03-14 05:39:09,004 [INFO]   [dentalsky] Already has price: £13.80, skipping
2026-03-14 05:39:09,004 [INFO]   [dontalia] Already has price: €17.00, skipping
2026-03-14 05:39:09,004 [INFO]   [henryschein] ✗ Not found
2026-03-14 05:39:09,006 [INFO] [6/50] AA021 — J&S Davis Solo Dental Needle 30g Short 0.3x23mm - Box100
2026-03-14 05:39:09,006 [INFO]   [dmi_ie] Already has price: €21.62, skipping
2026-03-14 05:39:09,006 [INFO]   [dmi_uk] Already has price: £18.10, skipping
2026-03-14 05:39:09,006 [INFO]   [dentalsky] Already has price: £13.80, skipping
2026-03-14 05:39:16,864 [INFO]   [dmi_ie] ✗ Not found
2026-03-14 05:39:17,246 [INFO]   [dontalia] ✗ Not found
2026-03-14 05:39:17,246 [INFO]   [henryschein] ✗ Not found
2026-03-14 05:39:17,246 [INFO] [7/50] AA032 — Septodont Septoject Needles 27g Long - Box100
2026-03-14 05:39:17,246 [INFO]   [dmi_ie] Already has price: €16.24, skipping
2026-03-14 05:39:17,246 [INFO]   [dmi_uk] Already has price: £13.60, skipping
2026-03-14 05:39:17,246 [INFO]   [dentalsky] Already has price: £10.55, skipping
2026-03-14 05:39:17,246 [INFO]   [dontalia] Already has price: €8.76, skipping
2026-03-14 05:39:17,246 [INFO]   [henryschein] ✗ Not found
2026-03-14 05:39:17,246 [INFO] [8/50] AA034 — Septodont Septoject Needles 30g Short - Box100
2026-03-14 05:39:25,381 [INFO]   [dmi_uk] ✗ Not found
2026-03-14 05:39:26,163 [INFO]   [dmi.ie] Search 'Septodont Septoject Needles 30g Short -' ✓ €27.39
2026-03-14 05:39:26,163 [INFO]   [dmi_ie] ✓ €27.39  (variance: -48.4%)
2026-03-14 05:39:31,552 [INFO]   [dentalsky] ✗ Not found
2026-03-14 05:39:35,940 [INFO]   [dmi.co.uk] Search 'Septodont Septoject Needles 30g Short -' ✓ £22.18
2026-03-14 05:39:35,941 [INFO]   [dmi_uk] ✓ £22.18  (variance: -45.0%)
2026-03-14 05:39:35,941 [INFO]   [dentalsky] Already has price: £10.55, skipping
2026-03-14 05:39:35,941 [INFO]   [dontalia] Already has price: €8.76, skipping
2026-03-14 05:39:35,941 [INFO]   [henryschein] ✗ Not found
2026-03-14 05:39:35,941 [INFO] [9/50] AA097 — UnoDent Sterile Dental Needle 30GS 0.3 x 21mm (ANU030)
2026-03-14 05:39:39,299 [INFO]   [dontalia] ✗ Not found
2026-03-14 05:39:39,299 [INFO]   [henryschein] ✗ Not found
2026-03-14 05:39:39,299 [INFO] [49/50] BOU012 — Boutique Whitening Top Up Case By Night 16% CP 2x3ml
2026-03-14 05:39:48,574 [INFO]   [dmi_ie] ✗ Not found
2026-03-14 05:39:55,959 [INFO]   [dmi_uk] ✗ Not found
2026-03-14 05:40:01,786 [INFO]   [dentalsky] ✗ Not found
2026-03-14 05:40:09,660 [INFO]   [dontalia] ✗ Not found
2026-03-14 05:40:09,660 [INFO]   [henryschein] ✗ Not found
2026-03-14 05:40:09,660 [INFO] [50/50] BOU019 — Boutique Whitening Top Up Case By Day 6% HP 3x3ml
2026-03-14 05:40:19,766 [INFO]   [dmi_ie] ✗ Not found
2026-03-14 05:40:27,929 [INFO]   [dmi_uk] ✗ Not found
2026-03-14 05:40:35,870 [INFO]   [dentalsky] ✗ Not found
2026-03-14 05:40:41,145 [INFO]   [dontalia] ✗ Not found
2026-03-14 05:40:41,145 [INFO]   [henryschein] ✗ Not found
2026-03-14 05:40:41,146 [INFO] Output written to: output_50rows.csv
2026-03-14 05:40:41,146 [INFO]   dmi_ie: 22/50 prices found
2026-03-14 05:40:41,146 [INFO]   dmi_uk: 21/50 prices found
2026-03-14 05:40:41,146 [INFO]   dentalsky: 14/50 prices found
2026-03-14 05:40:41,146 [INFO]   dontalia: 6/50 prices found
2026-03-14 05:40:41,146 [INFO]   henryschein: 0/50 prices found
2026-03-15 14:41:24,000 [INFO] Reading input: Price Benchmarking - Top 300 April 2025 - Public Website Prices.csv
2026-03-15 14:41:24,018 [INFO] Limited to first 50 rows
2026-03-15 14:41:24,019 [INFO] Registered scraper: dmi_ie
2026-03-15 14:41:24,019 [INFO] Registered scraper: dmi_uk
2026-03-15 14:41:24,019 [INFO] Registered scraper: dentalsky
2026-03-15 14:41:24,019 [INFO] Registered scraper: dontalia
2026-03-15 14:41:24,019 [INFO] Registered scraper: henryschein
2026-03-15 14:41:24,019 [INFO] [1/50] 400060 — Six Month Smiles Lucid-Lok Lo Universal 1/2 Bracket - Each
2026-03-15 14:41:33,783 [INFO]   [dmi_ie] ✗ Not found
2026-03-15 14:41:44,321 [INFO]   [dmi_uk] ✗ Not found
2026-03-15 14:41:52,748 [INFO]   [dentalsky] ✗ Not found
2026-03-15 14:41:59,239 [INFO]   [dontalia] ✗ Not found
2026-03-15 14:41:59,239 [INFO]   [henryschein] ✗ Not found
2026-03-15 14:41:59,239 [INFO] [2/50] 400063 — Six Month Smiles Lucid-Lok Universal 4/5 Bracket w/Hook
2026-03-15 14:42:09,411 [INFO]   [dmi_ie] ✗ Not found
2026-03-15 14:42:16,989 [INFO]   [dmi_uk] ✗ Not found
2026-03-15 14:42:22,572 [INFO]   [dentalsky] ✗ Not found
2026-03-15 14:42:27,202 [INFO]   [dontalia] ✗ Not found
2026-03-15 14:42:27,203 [INFO]   [henryschein] ✗ Not found
2026-03-15 14:42:27,203 [INFO] [3/50] 670231 — Clinisept+ Skin 490ml - Each
2026-03-15 14:42:36,939 [INFO]   [dmi.ie] Search 'Clinisept+ Skin 490ml -' ✓ €15.03
2026-03-15 14:42:36,939 [INFO]   [dmi_ie] ✓ €15.03  (variance: -20.8%)
2026-03-15 14:42:46,243 [INFO]   [dmi.co.uk] Search 'Clinisept+ Skin 490ml -' ✓ £12.32
2026-03-15 14:42:46,243 [INFO]   [dmi_uk] ✓ £12.32  (variance: -16.6%)
2026-03-15 14:42:47,359 [INFO]   [dentalsky] ✗ Not found
2026-03-15 14:42:51,944 [INFO]   [dontalia] ✗ Not found
2026-03-15 14:42:51,945 [INFO]   [henryschein] ✗ Not found
2026-03-15 14:42:51,945 [INFO] [4/50] AA009 — Septodont Septoject XL Needles 27g Long 0.4x35mm - Box100
2026-03-15 14:42:53,770 [INFO]   [dmi.ie] Direct URL ✓ €27.39
2026-03-15 14:42:53,771 [INFO]   [dmi_ie] ✓ €27.39  (variance: -31.2%)
2026-03-15 14:42:55,058 [INFO]   [dmi.co.uk] Direct URL ✓ £22.18
2026-03-15 14:42:55,058 [INFO]   [dmi_uk] ✓ £22.18  (variance: -26.8%)
2026-03-15 14:43:02,487 [INFO]   [dentalsky] ✗ Not found
2026-03-15 14:43:03,979 [INFO]   [dontalia.com] Direct URL ✓ €17.00
2026-03-15 14:43:03,979 [INFO]   [dontalia] ✓ €17.00  (variance: 10.8%)
2026-03-15 14:43:03,979 [INFO]   [henryschein] ✗ Not found
2026-03-15 14:43:03,979 [INFO] [5/50] AA011 — Septodont Septoject XL Needles 30g Short 0.3x25mm - Box100
2026-03-15 14:43:11,976 [INFO]   [dmi_ie] ✗ Not found
2026-03-15 14:43:13,218 [INFO]   [dmi.co.uk] Direct URL ✓ £22.18
2026-03-15 14:43:13,218 [INFO]   [dmi_uk] ✓ £22.18  (variance: -26.8%)
2026-03-15 14:43:20,642 [INFO]   [dentalsky] ✗ Not found
2026-03-15 14:43:21,988 [INFO]   [dontalia.com] Direct URL ✓ €17.00
2026-03-15 14:43:21,988 [INFO]   [dontalia] ✓ €17.00  (variance: 10.8%)
2026-03-15 14:43:21,988 [INFO]   [henryschein] ✗ Not found
2026-03-15 14:43:21,988 [INFO] [6/50] AA021 — J&S Davis Solo Dental Needle 30g Short 0.3x23mm - Box100
2026-03-15 14:43:23,830 [INFO]   [dmi.ie] Direct URL ✓ €25.58
2026-03-15 14:43:23,830 [INFO]   [dmi_ie] ✓ €25.58  (variance: -38.8%)
2026-03-15 14:43:25,464 [INFO]   [dmi.co.uk] Direct URL ✓ £21.72
2026-03-15 14:43:25,464 [INFO]   [dmi_uk] ✓ £21.72  (variance: -37.8%)
2026-03-15 14:43:27,283 [INFO]   [dentalsky.com] Direct URL ✓ £16.74
2026-03-15 14:43:27,283 [INFO]   [dentalsky] ✓ £16.74  (variance: -19.4%)
2026-03-15 14:43:32,321 [INFO]   [dontalia] ✗ Not found
2026-03-15 14:43:32,321 [INFO]   [henryschein] ✗ Not found
2026-03-15 14:43:32,321 [INFO] [7/50] AA032 — Septodont Septoject Needles 27g Long - Box100
2026-03-15 14:43:41,059 [INFO]   [dmi_ie] ✗ Not found
2026-03-15 14:43:42,267 [INFO]   [dmi.co.uk] Direct URL ✓ £16.97
2026-03-15 14:43:42,267 [INFO]   [dmi_uk] ✓ £16.97  (variance: -19.2%)
2026-03-15 14:43:46,719 [INFO]   [dentalsky] ✗ Not found
2026-03-15 14:43:48,113 [INFO]   [dontalia.com] Direct URL ✓ €8.41
2026-03-15 14:43:48,114 [INFO]   [dontalia] ✓ €8.41  (variance: 89.3%)
2026-03-15 14:43:48,114 [INFO]   [henryschein] ✗ Not found
2026-03-15 14:43:48,114 [INFO] [8/50] AA034 — Septodont Septoject Needles 30g Short - Box100
2026-03-15 14:43:59,562 [INFO]   [dmi.ie] Search 'Septodont Septoject Needles 30g Short -' ✓ €27.39
2026-03-15 14:43:59,563 [INFO]   [dmi_ie] ✓ €27.39  (variance: -48.4%)
2026-03-15 14:44:06,632 [INFO]   [dmi.co.uk] Search 'Septodont Septoject Needles 30g Short -' ✓ £22.18
2026-03-15 14:44:06,632 [INFO]   [dmi_uk] ✓ £22.18  (variance: -45.0%)
2026-03-15 14:44:10,072 [INFO]   [dentalsky] ✗ Not found
2026-03-15 14:44:11,438 [INFO]   [dontalia.com] Direct URL ✓ €8.41
2026-03-15 14:44:11,438 [INFO]   [dontalia] ✓ €8.41  (variance: 68.1%)
2026-03-15 14:44:11,438 [INFO]   [henryschein] ✗ Not found
2026-03-15 14:44:11,438 [INFO] [9/50] AA097 — UnoDent Sterile Dental Needle 30GS 0.3 x 21mm (ANU030)
2026-03-15 14:44:20,700 [INFO]   [dmi_ie] ✗ Not found
2026-03-15 14:44:29,139 [INFO]   [dmi_uk] ✗ Not found
2026-03-15 14:44:36,384 [INFO]   [dentalsky] ✗ Not found
2026-03-15 14:44:42,677 [INFO]   [dontalia] ✗ Not found
2026-03-15 14:44:42,677 [INFO]   [henryschein] ✗ Not found
2026-03-15 14:44:42,677 [INFO] [10/50] AA105 — BD Venflon Peripheral IV Catheter w/ Port Blue 22Gx25mm-Each
2026-03-15 14:44:44,245 [INFO]   [dmi.ie] Direct URL ✓ €117.26
2026-03-15 14:44:44,245 [INFO]   [dmi_ie] ✓ €117.26  (variance: -98.0%)
2026-03-15 14:44:51,020 [INFO]   [dmi_uk] ✗ Not found
2026-03-15 14:44:52,258 [INFO]   [dentalsky.com] Direct URL gave no price, trying search
2026-03-15 14:45:02,241 [INFO]   [dentalsky] ✗ Not found
2026-03-15 14:45:08,677 [INFO]   [dontalia] ✗ Not found
2026-03-15 14:45:08,677 [INFO]   [henryschein] ✗ Not found
2026-03-15 14:45:08,678 [INFO] [11/50] AA120 — BD Micro-Fine + Insulin Syringe 0.3ml Needle 30Gx8mm -Box100
2026-03-15 14:45:17,824 [INFO]   [dmi_ie] ✗ Not found
2026-03-15 14:45:27,307 [INFO]   [dmi_uk] ✗ Not found
2026-03-15 14:45:34,730 [INFO]   [dentalsky] ✗ Not found
2026-03-15 14:45:39,699 [INFO]   [dontalia] ✗ Not found
2026-03-15 14:45:39,700 [INFO]   [henryschein] ✗ Not found
2026-03-15 14:45:39,700 [INFO] [12/50] AA131 — 4T Medical FMS 32G Fine Micro Syringe 0.3ml - Box100
2026-03-15 14:45:48,810 [INFO]   [dmi_ie] ✗ Not found
2026-03-15 14:45:56,391 [INFO]   [dmi_uk] ✗ Not found
2026-03-15 14:46:01,650 [INFO]   [dentalsky] ✗ Not found
2026-03-15 14:46:06,225 [INFO]   [dontalia] ✗ Not found
2026-03-15 14:46:06,226 [INFO]   [henryschein] ✗ Not found
2026-03-15 14:46:06,226 [INFO] [13/50] AA132 — 4T Medical FMS 32G Fine Micro Syringe 0.5ml - Box100
2026-03-15 14:46:08,600 [INFO]   [dmi_ie] ✗ Not found
2026-03-15 14:46:11,336 [INFO]   [dmi_uk] ✗ Not found
2026-03-15 14:46:18,497 [INFO]   [dentalsky] ✗ Not found
2026-03-15 14:46:24,792 [INFO]   [dontalia] ✗ Not found
2026-03-15 14:46:24,792 [INFO]   [henryschein] ✗ Not found
2026-03-15 14:46:24,792 [INFO] [14/50] AAA345 — #Dentsply Anestadent 4% 1:100,000 Solution 2.2ml (546) -Bx50
2026-03-15 14:46:27,435 [INFO]   [dmi.ie] Direct URL gave no price, trying search
2026-03-15 14:46:30,657 [INFO]   [dmi.ie] Search '546' ✓ €31.73
2026-03-15 14:46:30,657 [INFO]   [dmi_ie] ✓ €31.73  (variance: -15.4%)
2026-03-15 14:46:32,543 [INFO]   [dmi.co.uk] Direct URL gave no price, trying search
2026-03-15 14:52:55,477 [WARNING] [dmi.co.uk] Request error for https://www.dmi.co.uk/products/colgate-max-white-toothbrush-12pk-colg-950291.html (attempt 1): HTTPSConnectionPool(host='www.dmi.co.uk', port=443): Max retries exceeded with url: /products/colgate-max-white-toothbrush-12pk-colg-950291.html (Caused by NewConnectionError('<urllib3.connection.HTTPSConnection object at 0x000001F0DDD06B10>: Failed to establish a new connection: [Errno 11001] getaddrinfo failed'))
2026-03-15 16:41:46,100 [WARNING] [dmi.co.uk] Request error for https://www.dmi.co.uk/products/colgate-max-white-toothbrush-12pk-colg-950291.html (attempt 2): HTTPSConnectionPool(host='www.dmi.co.uk', port=443): Max retries exceeded with url: /products/colgate-max-white-toothbrush-12pk-colg-950291.html (Caused by NewConnectionError('<urllib3.connection.HTTPSConnection object at 0x000001F0DFB2F6B0>: Failed to establish a new connection: [Errno 11001] getaddrinfo failed'))
2026-03-16 10:02:30,235 [INFO]   [dmi.co.uk] Search '546' ✓ £27.73
2026-03-16 10:02:30,237 [INFO]   [dmi_uk] ✓ £27.73  (variance: -16.5%)
2026-03-16 10:02:32,636 [INFO]   [dentalsky.com] Direct URL gave no price, trying search
2026-03-16 10:02:40,594 [INFO]   [dentalsky] ✗ Not found
2026-03-16 10:02:49,134 [INFO]   [dontalia] ✗ Not found
2026-03-16 10:02:49,134 [INFO]   [henryschein] ✗ Not found
2026-03-16 10:02:49,134 [INFO] [15/50] ABG008A — Perfection Plus Bib Roll Paper-Plastic Blue PP002/0020 - 80
2026-03-16 10:02:53,716 [INFO]   [dmi.ie] Direct URL ✓ €16.41
2026-03-16 10:02:53,716 [INFO]   [dmi_ie] ✓ €16.41  (variance: -29.3%)
2026-03-16 10:02:55,836 [INFO]   [dmi.co.uk] Direct URL ✓ £14.40
2026-03-16 10:02:55,836 [INFO]   [dmi_uk] ✓ £14.40  (variance: -30.6%)
2026-03-16 10:03:02,632 [INFO]   [dentalsky] ✗ Not found
